<?xml version="1.0" encoding="UTF-8"?>
<testsuite xmlns:xsi="http://www.w3.org/2001/XMLSchema-instance" xsi:noNamespaceSchemaLocation="https://maven.apache.org/surefire/maven-surefire-plugin/xsd/surefire-test-report.xsd" version="3.0.2" name="com.uj.expenseManager.ExpenseManagerApplicationTests" time="2.219" tests="1" errors="0" skipped="0" failures="0">
  <properties>
[...]
</properties>
  <testcase name="contextLoads" classname="com.uj.expenseManager.ExpenseManagerApplicationTests" time="0.416">
    <system-out><![CDATA[03:16:50.321 [main] INFO org.springframework.test.context.support.AnnotationConfigContextLoaderUtils -- Could not detect default configuration classes for test class [com.uj.expenseManager.ExpenseManagerApplicationTests]: ExpenseManagerApplicationTests does not declare any static, non-private, non-final, nested classes annotated with @Configuration.
03:16:50.400 [main] INFO org.springframework.boot.test.context.SpringBootTestContextBootstrapper -- Found @SpringBootConfiguration com.uj.expenseManager.ExpenseManagerApplication for test class com.uj.expenseManager.ExpenseManagerApplicationTests
03:16:50.526 [main] INFO org.springframework.boot.devtools.restart.RestartApplicationListener -- Restart disabled due to context in which it is running

  .   ____          _            __ _ _
 /\\ / ___'_ __ _ _(_)_ __  __ _ \ \ \ \
( ( )\___ | '_ | '_| | '_ \/ _` | \ \ \ \
 \\/  ___)| |_)| | | | | || (_| |  ) ) ) )
  '  |____| .__|_| |_|_| |_\__, | / / / /
 =========|_|==============|___/=/_/_/_/

 :: Spring Boot ::                (v3.5.6)

2025-11-20T03:16:50.691+05:30  INFO 18069 --- [expenseManager] [           main] c.u.e.ExpenseManagerApplicationTests     : Starting ExpenseManagerApplicationTests using Java 21.0.7 with PID 18069 (started by utkarshjaiswal in /Users/utkarshjaiswal/Documents/ExpenseTracker/backend/expenseManager)
2025-11-20T03:16:50.692+05:30  INFO 18069 --- [expenseManager] [           main] c.u.e.ExpenseManagerApplicationTests     : No active profile set, falling back to 1 default profile: "default"
2025-11-20T03:16:51.098+05:30  INFO 18069 --- [expenseManager] [           main] .s.d.r.c.RepositoryConfigurationDelegate : Bootstrapping Spring Data MongoDB repositories in DEFAULT mode.
2025-11-20T03:16:51.127+05:30  INFO 18069 --- [expenseManager] [           main] .s.d.r.c.RepositoryConfigurationDelegate : Finished Spring Data repository scanning in 25 ms. Found 3 MongoDB repository interfaces.
2025-11-20T03:16:51.454+05:30  INFO 18069 --- [expenseManager] [h0y.mongodb.net] org.mongodb.driver.cluster               : Adding discovered server ac-j7pxktt-shard-00-01.hdjth0y.mongodb.net:27017 to client view of cluster
2025-11-20T03:16:51.456+05:30  INFO 18069 --- [expenseManager] [           main] org.mongodb.driver.client                : MongoClient with metadata {"application": {"name": "Cluster0"}, "driver": {"name": "mongo-java-driver|sync|spring-boot", "version": "5.5.1"}, "os": {"type": "Darwin", "name": "Mac OS X", "architecture": "aarch64", "version": "26.0.1"}, "platform": "Java/Oracle Corporation/21.0.7+8-LTS-245"} created with settings MongoClientSettings{readPreference=primary, writeConcern=WriteConcern{w=majority, wTimeout=null ms, journal=null}, retryWrites=true, retryReads=true, readConcern=ReadConcern{level=null}, credential=MongoCredential{mechanism=null, userName='utkarshjaiswal', source='admin', password=<hidden>, mechanismProperties=<hidden>}, transportSettings=null, commandListeners=[], codecRegistry=ProvidersCodecRegistry{codecProviders=[ValueCodecProvider{}, BsonValueCodecProvider{}, DBRefCodecProvider{}, DBObjectCodecProvider{}, DocumentCodecProvider{}, CollectionCodecProvider{}, IterableCodecProvider{}, MapCodecProvider{}, GeoJsonCodecProvider{}, GridFSFileCodecProvider{}, Jsr310CodecProvider{}, JsonObjectCodecProvider{}, BsonCodecProvider{}, EnumCodecProvider{}, com.mongodb.client.model.mql.ExpressionCodecProvider@77724cbe, com.mongodb.Jep395RecordCodecProvider@27dc627a, com.mongodb.KotlinCodecProvider@570ba13]}, loggerSettings=LoggerSettings{maxDocumentLength=1000}, clusterSettings={hosts=[127.0.0.1:27017], srvHost=cluster0.hdjth0y.mongodb.net, srvServiceName=mongodb, mode=MULTIPLE, requiredClusterType=REPLICA_SET, requiredReplicaSetName='atlas-2n71lf-shard-0', serverSelector='null', clusterListeners='[]', serverSelectionTimeout='30000 ms', localThreshold='15 ms'}, socketSettings=SocketSettings{connectTimeoutMS=10000, readTimeoutMS=0, receiveBufferSize=0, proxySettings=ProxySettings{host=null, port=null, username=null, password=null}}, heartbeatSocketSettings=SocketSettings{connectTimeoutMS=10000, readTimeoutMS=10000, receiveBufferSize=0, proxySettings=ProxySettings{host=null, port=null, username=null, password=null}}, connectionPoolSettings=ConnectionPoolSettings{maxSize=100, minSize=0, maxWaitTimeMS=120000, maxConnectionLifeTimeMS=0, maxConnectionIdleTimeMS=0, maintenanceInitialDelayMS=0, maintenanceFrequencyMS=60000, connectionPoolListeners=[], maxConnecting=2}, serverSettings=ServerSettings{heartbeatFrequencyMS=10000, minHeartbeatFrequencyMS=500, serverMonitoringMode=AUTO, serverListeners='[]', serverMonitorListeners='[]'}, sslSettings=SslSettings{enabled=true, invalidHostNameAllowed=false, context=null}, applicationName='Cluster0', compressorList=[], uuidRepresentation=JAVA_LEGACY, serverApi=null, autoEncryptionSettings=null, dnsClient=null, inetAddressResolver=null, contextProvider=null, timeoutMS=null}
2025-11-20T03:16:51.466+05:30  INFO 18069 --- [expenseManager] [h0y.mongodb.net] org.mongodb.driver.cluster               : Adding discovered server ac-j7pxktt-shard-00-02.hdjth0y.mongodb.net:27017 to client view of cluster
2025-11-20T03:16:51.471+05:30  INFO 18069 --- [expenseManager] [h0y.mongodb.net] org.mongodb.driver.cluster               : Adding discovered server ac-j7pxktt-shard-00-00.hdjth0y.mongodb.net:27017 to client view of cluster
2025-11-20T03:16:51.832+05:30  WARN 18069 --- [expenseManager] [           main] .s.s.UserDetailsServiceAutoConfiguration : 

Using generated security password: 950cab90-e530-462c-9c51-ca25bcd06285

This generated password is for development use only. Your security configuration must be updated before running your application in production.

2025-11-20T03:16:51.836+05:30  INFO 18069 --- [expenseManager] [           main] r$InitializeUserDetailsManagerConfigurer : Global AuthenticationManager configured with UserDetailsService bean with name inMemoryUserDetailsManager
2025-11-20T03:16:51.857+05:30  INFO 18069 --- [expenseManager] [ngodb.net:27017] org.mongodb.driver.cluster               : Monitor thread successfully connected to server with description ServerDescription{address=ac-j7pxktt-shard-00-01.hdjth0y.mongodb.net:27017, type=REPLICA_SET_PRIMARY, cryptd=false, state=CONNECTED, ok=true, minWireVersion=0, maxWireVersion=25, maxDocumentSize=16777216, logicalSessionTimeoutMinutes=30, roundTripTimeNanos=211862542, minRoundTripTimeNanos=0, setName='atlas-2n71lf-shard-0', canonicalAddress=ac-j7pxktt-shard-00-01.hdjth0y.mongodb.net:27017, hosts=[ac-j7pxktt-shard-00-01.hdjth0y.mongodb.net:27017, ac-j7pxktt-shard-00-02.hdjth0y.mongodb.net:27017, ac-j7pxktt-shard-00-00.hdjth0y.mongodb.net:27017], passives=[], arbiters=[], primary='ac-j7pxktt-shard-00-01.hdjth0y.mongodb.net:27017', tagSet=TagSet{[Tag{name='availabilityZone', value='aps1-az3'}, Tag{name='diskState', value='READY'}, Tag{name='nodeType', value='ELECTABLE'}, Tag{name='provider', value='AWS'}, Tag{name='region', value='AP_SOUTH_1'}, Tag{name='workloadType', value='OPERATIONAL'}]}, electionId=7fffffff0000000000000136, setVersion=361, topologyVersion=TopologyVersion{processId=691ced6891949bf5773b2122, counter=6}, lastWriteDate=Thu Nov 20 03:16:50 IST 2025, lastUpdateTimeNanos=480879870115708}
2025-11-20T03:16:51.857+05:30  INFO 18069 --- [expenseManager] [ngodb.net:27017] org.mongodb.driver.cluster               : Monitor thread successfully connected to server with description ServerDescription{address=ac-j7pxktt-shard-00-02.hdjth0y.mongodb.net:27017, type=REPLICA_SET_SECONDARY, cryptd=false, state=CONNECTED, ok=true, minWireVersion=0, maxWireVersion=25, maxDocumentSize=16777216, logicalSessionTimeoutMinutes=30, roundTripTimeNanos=190761083, minRoundTripTimeNanos=0, setName='atlas-2n71lf-shard-0', canonicalAddress=ac-j7pxktt-shard-00-02.hdjth0y.mongodb.net:27017, hosts=[ac-j7pxktt-shard-00-01.hdjth0y.mongodb.net:27017, ac-j7pxktt-shard-00-02.hdjth0y.mongodb.net:27017, ac-j7pxktt-shard-00-00.hdjth0y.mongodb.net:27017], passives=[], arbiters=[], primary='ac-j7pxktt-shard-00-01.hdjth0y.mongodb.net:27017', tagSet=TagSet{[Tag{name='availabilityZone', value='aps1-az2'}, Tag{name='diskState', value='READY'}, Tag{name='nodeType', value='ELECTABLE'}, Tag{name='provider', value='AWS'}, Tag{name='region', value='AP_SOUTH_1'}, Tag{name='workloadType', value='OPERATIONAL'}]}, electionId=null, setVersion=361, topologyVersion=TopologyVersion{processId=691cefb32664af64adc79f45, counter=3}, lastWriteDate=Thu Nov 20 03:16:50 IST 2025, lastUpdateTimeNanos=480879870502708}
2025-11-20T03:16:51.858+05:30  INFO 18069 --- [expenseManager] [ngodb.net:27017] org.mongodb.driver.cluster               : Monitor thread successfully connected to server with description ServerDescription{address=ac-j7pxktt-shard-00-00.hdjth0y.mongodb.net:27017, type=REPLICA_SET_SECONDARY, cryptd=false, state=CONNECTED, ok=true, minWireVersion=0, maxWireVersion=25, maxDocumentSize=16777216, logicalSessionTimeoutMinutes=30, roundTripTimeNanos=189368875, minRoundTripTimeNanos=0, setName='atlas-2n71lf-shard-0', canonicalAddress=ac-j7pxktt-shard-00-00.hdjth0y.mongodb.net:27017, hosts=[ac-j7pxktt-shard-00-01.hdjth0y.mongodb.net:27017, ac-j7pxktt-shard-00-02.hdjth0y.mongodb.net:27017, ac-j7pxktt-shard-00-00.hdjth0y.mongodb.net:27017], passives=[], arbiters=[], primary='ac-j7pxktt-shard-00-01.hdjth0y.mongodb.net:27017', tagSet=TagSet{[Tag{name='availabilityZone', value='aps1-az1'}, Tag{name='diskState', value='READY'}, Tag{name='nodeType', value='ELECTABLE'}, Tag{name='provider', value='AWS'}, Tag{name='region', value='AP_SOUTH_1'}, Tag{name='workloadType', value='OPERATIONAL'}]}, electionId=null, setVersion=361, topologyVersion=TopologyVersion{processId=691cead14cb531f8b7089ae1, counter=4}, lastWriteDate=Thu Nov 20 03:16:50 IST 2025, lastUpdateTimeNanos=480879869131250}
2025-11-20T03:16:51.862+05:30  INFO 18069 --- [expenseManager] [ngodb.net:27017] org.mongodb.driver.cluster               : Discovered replica set primary ac-j7pxktt-shard-00-01.hdjth0y.mongodb.net:27017 with max election id 7fffffff0000000000000136 and max set version 361
2025-11-20T03:16:52.021+05:30  INFO 18069 --- [expenseManager] [           main] c.u.e.ExpenseManagerApplicationTests     : Started ExpenseManagerApplicationTests in 1.501 seconds (process running for 2.165)
]]></system-out>
    <system-err><![CDATA[Mockito is currently self-attaching to enable the inline-mock-maker. This will no longer work in future releases of the JDK. Please add Mockito as an agent to your build as described in Mockito's documentation: https://javadoc.io/doc/org.mockito/mockito-core/latest/org.mockito/org/mockito/Mockito.html#0.3
WARNING: A Java agent has been loaded dynamically (/Users/utkarshjaiswal/.m2/repository/net/bytebuddy/byte-buddy-agent/1.17.7/byte-buddy-agent-1.17.7.jar)
WARNING: If a serviceability tool is in use, please run with -XX:+EnableDynamicAgentLoading to hide this warning
WARNING: If a serviceability tool is not in use, please run with -Djdk.instrument.traceUsage for more information
WARNING: Dynamic loading of agents will be disallowed by default in a future release
]]></system-err>
  </testcase>
</testsuite>